TN:
SF:src\daos\db.ts
FNF:0
FNH:0
DA:1,6
DA:4,6
LF:2
LH:2
BRF:0
BRH:0
end_of_record
TN:
SF:src\models\Author.ts
FN:17,(anonymous_0)
FN:9,(anonymous_1)
FNF:2
FNH:1
FNDA:8,(anonymous_0)
FNDA:0,(anonymous_1)
DA:2,3
DA:10,0
DA:13,0
DA:18,8
DA:19,8
DA:20,8
DA:21,8
LF:7
LH:5
BRF:0
BRH:0
end_of_record
TN:
SF:src\models\Comment.ts
FN:22,(anonymous_0)
FN:10,(anonymous_1)
FNF:2
FNH:1
FNDA:8,(anonymous_0)
FNDA:0,(anonymous_1)
DA:2,3
DA:11,0
DA:18,0
DA:23,8
DA:24,8
DA:25,8
DA:26,8
DA:27,8
LF:8
LH:6
BRF:0
BRH:0
end_of_record
TN:
SF:src\models\Post.ts
FN:18,(anonymous_0)
FN:10,(anonymous_1)
FNF:2
FNH:1
FNDA:8,(anonymous_0)
FNDA:0,(anonymous_1)
DA:2,3
DA:11,0
DA:14,0
DA:19,8
DA:20,8
DA:21,8
DA:22,8
DA:23,8
LF:8
LH:6
BRF:0
BRH:0
end_of_record
TN:
SF:src\routers\author-router.ts
FN:12,(anonymous_2)
FN:14,(anonymous_3)
FN:18,(anonymous_4)
FN:25,(anonymous_5)
FN:29,(anonymous_6)
FN:36,(anonymous_7)
FN:44,(anonymous_8)
FN:48,(anonymous_9)
FN:52,(anonymous_10)
FN:60,(anonymous_11)
FN:64,(anonymous_12)
FN:70,(anonymous_13)
FN:73,(anonymous_14)
FN:79,(anonymous_15)
FN:83,(anonymous_16)
FN:90,(anonymous_17)
FNF:16
FNH:16
FNDA:2,(anonymous_2)
FNDA:1,(anonymous_3)
FNDA:1,(anonymous_4)
FNDA:3,(anonymous_5)
FNDA:2,(anonymous_6)
FNDA:1,(anonymous_7)
FNDA:2,(anonymous_8)
FNDA:1,(anonymous_9)
FNDA:1,(anonymous_10)
FNDA:3,(anonymous_11)
FNDA:2,(anonymous_12)
FNDA:1,(anonymous_13)
FNDA:3,(anonymous_14)
FNDA:3,(anonymous_15)
FNDA:2,(anonymous_16)
FNDA:1,(anonymous_17)
DA:1,1
DA:2,1
DA:5,1
DA:12,1
DA:13,2
DA:15,1
DA:16,1
DA:17,1
DA:20,1
DA:25,1
DA:26,3
DA:28,3
DA:30,2
DA:31,1
DA:33,1
DA:35,2
DA:38,1
DA:39,1
DA:44,1
DA:45,2
DA:47,2
DA:49,1
DA:50,1
DA:51,1
DA:54,1
DA:55,1
DA:60,1
DA:61,3
DA:63,3
DA:65,2
DA:66,1
DA:68,1
DA:72,1
DA:74,3
DA:79,1
DA:80,3
DA:82,3
DA:84,2
DA:85,1
DA:87,1
DA:88,1
DA:92,1
DA:93,1
LF:43
LH:43
BRDA:30,0,0,1
BRDA:30,0,1,1
BRDA:65,1,0,1
BRDA:65,1,1,1
BRDA:84,2,0,1
BRDA:84,2,1,1
BRF:6
BRH:6
end_of_record
TN:
SF:src\routers\comment-router.ts
FN:13,(anonymous_9)
FN:15,(anonymous_10)
FN:19,(anonymous_11)
FN:26,(anonymous_12)
FN:26,(anonymous_13)
FN:48,(anonymous_14)
FN:52,(anonymous_15)
FN:56,(anonymous_16)
FN:64,(anonymous_17)
FN:68,(anonymous_18)
FN:74,(anonymous_19)
FN:77,(anonymous_20)
FN:83,(anonymous_21)
FN:87,(anonymous_22)
FN:94,(anonymous_23)
FNF:15
FNH:15
FNDA:2,(anonymous_9)
FNDA:1,(anonymous_10)
FNDA:1,(anonymous_11)
FNDA:3,(anonymous_12)
FNDA:3,(anonymous_13)
FNDA:2,(anonymous_14)
FNDA:1,(anonymous_15)
FNDA:1,(anonymous_16)
FNDA:3,(anonymous_17)
FNDA:2,(anonymous_18)
FNDA:1,(anonymous_19)
FNDA:3,(anonymous_20)
FNDA:3,(anonymous_21)
FNDA:2,(anonymous_22)
FNDA:1,(anonymous_23)
DA:1,1
DA:2,1
DA:6,1
DA:13,1
DA:14,2
DA:16,1
DA:17,1
DA:18,1
DA:21,1
DA:26,3
DA:27,3
DA:30,3
DA:31,3
DA:33,1
DA:35,1
DA:38,2
DA:39,1
DA:41,1
DA:43,2
DA:48,1
DA:49,2
DA:51,2
DA:53,1
DA:54,1
DA:55,1
DA:58,1
DA:59,1
DA:64,1
DA:65,3
DA:67,3
DA:69,2
DA:70,1
DA:72,1
DA:76,1
DA:78,3
DA:83,1
DA:84,3
DA:86,3
DA:88,2
DA:89,1
DA:92,1
DA:96,1
DA:97,1
LF:43
LH:43
BRDA:38,0,0,1
BRDA:38,0,1,1
BRDA:69,1,0,1
BRDA:69,1,1,1
BRDA:88,2,0,1
BRDA:88,2,1,1
BRF:6
BRH:6
end_of_record
TN:
SF:src\routers\post-router.ts
FN:13,(anonymous_9)
FN:15,(anonymous_10)
FN:19,(anonymous_11)
FN:26,(anonymous_12)
FN:26,(anonymous_13)
FN:47,(anonymous_14)
FN:47,(anonymous_15)
FN:68,(anonymous_16)
FN:72,(anonymous_17)
FN:76,(anonymous_18)
FN:84,(anonymous_19)
FN:88,(anonymous_20)
FN:94,(anonymous_21)
FN:97,(anonymous_22)
FN:103,(anonymous_23)
FN:107,(anonymous_24)
FN:114,(anonymous_25)
FNF:17
FNH:17
FNDA:2,(anonymous_9)
FNDA:1,(anonymous_10)
FNDA:1,(anonymous_11)
FNDA:3,(anonymous_12)
FNDA:3,(anonymous_13)
FNDA:3,(anonymous_14)
FNDA:3,(anonymous_15)
FNDA:2,(anonymous_16)
FNDA:1,(anonymous_17)
FNDA:1,(anonymous_18)
FNDA:3,(anonymous_19)
FNDA:2,(anonymous_20)
FNDA:1,(anonymous_21)
FNDA:3,(anonymous_22)
FNDA:3,(anonymous_23)
FNDA:2,(anonymous_24)
FNDA:1,(anonymous_25)
DA:1,1
DA:2,1
DA:6,1
DA:13,1
DA:14,2
DA:16,1
DA:17,1
DA:18,1
DA:21,1
DA:26,3
DA:27,3
DA:30,3
DA:31,3
DA:33,1
DA:35,1
DA:38,2
DA:39,1
DA:41,1
DA:43,2
DA:47,3
DA:48,3
DA:51,3
DA:52,3
DA:54,1
DA:56,1
DA:59,2
DA:60,1
DA:62,1
DA:64,2
DA:68,1
DA:69,2
DA:71,2
DA:73,1
DA:74,1
DA:75,1
DA:78,1
DA:79,1
DA:84,1
DA:85,3
DA:87,3
DA:89,2
DA:90,1
DA:92,1
DA:96,1
DA:98,3
DA:103,1
DA:104,3
DA:106,3
DA:108,2
DA:109,1
DA:112,1
DA:116,1
DA:117,1
LF:53
LH:53
BRDA:38,0,0,1
BRDA:38,0,1,1
BRDA:59,1,0,1
BRDA:59,1,1,1
BRDA:89,2,0,1
BRDA:89,2,1,1
BRDA:108,3,0,1
BRDA:108,3,1,1
BRF:8
BRH:8
end_of_record
TN:
SF:src\services\author-service.ts
FN:7,getAllAuthors
FN:13,getAuthorById
FN:19,saveAuthor
FN:32,(anonymous_4)
FN:37,patchAuthor
FN:53,deleteAuthorById
FNF:6
FNH:6
FNDA:1,getAllAuthors
FNDA:1,getAuthorById
FNDA:6,saveAuthor
FNDA:3,(anonymous_4)
FNDA:2,patchAuthor
FNDA:1,deleteAuthorById
DA:1,2
DA:2,2
DA:7,2
DA:9,1
DA:13,2
DA:15,1
DA:19,2
DA:20,6
DA:28,6
DA:29,3
DA:32,3
DA:37,2
DA:38,2
DA:45,2
DA:46,1
DA:48,1
DA:53,2
DA:54,1
LF:18
LH:18
BRDA:28,0,0,3
BRDA:28,0,1,3
BRDA:28,1,0,6
BRDA:28,1,1,5
BRDA:28,1,2,4
BRDA:45,2,0,1
BRDA:45,2,1,1
BRF:7
BRH:7
end_of_record
TN:
SF:src\services\comment-service.ts
FN:8,getAllComments
FN:14,getAllCommentsByPostId
FN:19,saveComment
FN:32,(anonymous_4)
FN:37,patchComment
FN:54,deleteCommentById
FNF:6
FNH:6
FNDA:1,getAllComments
FNDA:1,getAllCommentsByPostId
FNDA:6,saveComment
FNDA:3,(anonymous_4)
FNDA:2,patchComment
FNDA:1,deleteCommentById
DA:1,2
DA:2,2
DA:8,2
DA:10,1
DA:14,2
DA:15,1
DA:19,2
DA:20,6
DA:28,6
DA:29,3
DA:32,3
DA:37,2
DA:38,2
DA:46,2
DA:47,1
DA:49,1
DA:54,2
DA:55,1
LF:18
LH:18
BRDA:28,0,0,3
BRDA:28,0,1,3
BRDA:28,1,0,6
BRDA:28,1,1,5
BRDA:28,1,2,5
BRDA:28,1,3,5
BRDA:46,2,0,1
BRDA:46,2,1,1
BRF:8
BRH:8
end_of_record
TN:
SF:src\services\post-service.ts
FN:8,getAllPosts
FN:14,getPostById
FN:19,getPostByAuthorId
FN:24,savePost
FN:37,(anonymous_5)
FN:42,patchPost
FN:59,deletePostById
FNF:7
FNH:7
FNDA:1,getAllPosts
FNDA:1,getPostById
FNDA:1,getPostByAuthorId
FNDA:6,savePost
FNDA:3,(anonymous_5)
FNDA:2,patchPost
FNDA:1,deletePostById
DA:1,2
DA:2,2
DA:8,2
DA:10,1
DA:14,2
DA:15,1
DA:19,2
DA:20,1
DA:24,2
DA:25,6
DA:33,6
DA:34,3
DA:37,3
DA:42,2
DA:43,2
DA:51,2
DA:52,1
DA:54,1
DA:59,2
DA:60,1
LF:20
LH:20
BRDA:33,0,0,3
BRDA:33,0,1,3
BRDA:33,1,0,6
BRDA:33,1,1,6
BRDA:33,1,2,6
BRDA:33,1,3,3
BRDA:51,2,0,1
BRDA:51,2,1,1
BRF:8
BRH:8
end_of_record
